<?xml version="1.0" encoding="UTF-8"?>
<testng-results ignored="0" total="1" passed="1" failed="0" skipped="0">
  <reporter-output>
  </reporter-output>
  <suite started-at="2025-02-10T14:20:29 PST" name="API Test Suite" finished-at="2025-02-10T14:20:32 PST" duration-ms="2399">
    <groups>
    </groups>
    <test started-at="2025-02-10T14:20:29 PST" name="API Test" finished-at="2025-02-10T14:20:32 PST" duration-ms="2399">
      <class name="com.api.tests.InitialAPITest">
        <test-method signature="loginAPI()[pri:0, instance:com.api.tests.InitialAPITest@59d016c9]" started-at="2025-02-10T14:20:29 PST" name="loginAPI" description="Verify Initial API Login" finished-at="2025-02-10T14:20:32 PST" duration-ms="2367" status="PASS">
          <reporter-output>
          </reporter-output>
        </test-method> <!-- loginAPI -->
      </class> <!-- com.api.tests.InitialAPITest -->
    </test> <!-- API Test -->
  </suite> <!-- API Test Suite -->
</testng-results>
