<?xml version="1.0" encoding="UTF-8"?>
<testsuite xmlns:xsi="http://www.w3.org/2001/XMLSchema-instance" xsi:noNamespaceSchemaLocation="https://maven.apache.org/surefire/maven-surefire-plugin/xsd/surefire-test-report-3.0.xsd" version="3.0" name="TestSuite" time="3.313" tests="1" errors="0" skipped="0" failures="0">
  <properties>
[...]
</properties>
  <testcase name="loginAPI" classname="com.api.tests.InitialAPITest" time="2.351">
    <system-out><![CDATA[14:20:29.945 [main] INFO  com.api.listeners.TestListener - Test Suite started! 
14:20:31.194 [main] INFO  com.api.filters.LoggingFilter - BASE URI:http://64.227.160.186:8080
14:20:31.194 [main] INFO  com.api.filters.LoggingFilter - Request Header:Accept=*/*
Content-Type=application/json
14:20:31.194 [main] INFO  com.api.filters.LoggingFilter - Request PayLoad:{"username":"uday1234","password":"uday12345"}
14:20:32.235 [main] INFO  com.api.filters.LoggingFilter - STATUS CODE:200
14:20:32.235 [main] INFO  com.api.filters.LoggingFilter - Response Header :Vary=Origin
Vary=Access-Control-Request-Method
Vary=Access-Control-Request-Headers
Access-Control-Allow-Origin=https://swift.techwithjatin.com
Access-Control-Allow-Methods=GET, POST, PUT, DELETE, OPTIONS
Access-Control-Max-Age=3600
Access-Control-Allow-Headers=Authorization, Content-Type, Accept
Access-Control-Allow-Credentials=true
X-Content-Type-Options=nosniff
X-XSS-Protection=0
Cache-Control=no-cache, no-store, max-age=0, must-revalidate
Pragma=no-cache
Expires=0
X-Frame-Options=DENY
Content-Type=application/json
Transfer-Encoding=chunked
Date=Mon, 10 Feb 2025 22:20:32 GMT
Keep-Alive=timeout=60
Connection=keep-alive
{
    "token": "eyJhbGciOiJIUzI1NiJ9.eyJzdWIiOiJ1ZGF5MTIzNCIsImlhdCI6MTczOTIyNjAzMiwiZXhwIjoxNzM5MjI5NjMyfQ.3h7e9RGmCwxxEXGi9FR6O56nD0R2q_KuCepBaUckY6I",
    "type": "Bearer",
    "id": 1,
    "username": "uday1234",
    "email": "disha1234@gmail.com",
    "roles": [
        "ROLE_USER"
    ]
}
14:20:32.281 [main] INFO  com.api.filters.LoggingFilter - Request Body:{
    "token": "eyJhbGciOiJIUzI1NiJ9.eyJzdWIiOiJ1ZGF5MTIzNCIsImlhdCI6MTczOTIyNjAzMiwiZXhwIjoxNzM5MjI5NjMyfQ.3h7e9RGmCwxxEXGi9FR6O56nD0R2q_KuCepBaUckY6I",
    "type": "Bearer",
    "id": 1,
    "username": "uday1234",
    "email": "disha1234@gmail.com",
    "roles": [
        "ROLE_USER"
    ]
}
{
    "token": "eyJhbGciOiJIUzI1NiJ9.eyJzdWIiOiJ1ZGF5MTIzNCIsImlhdCI6MTczOTIyNjAzMiwiZXhwIjoxNzM5MjI5NjMyfQ.3h7e9RGmCwxxEXGi9FR6O56nD0R2q_KuCepBaUckY6I",
    "type": "Bearer",
    "id": 1,
    "username": "uday1234",
    "email": "disha1234@gmail.com",
    "roles": [
        "ROLE_USER"
    ]
}
{
    "token": "eyJhbGciOiJIUzI1NiJ9.eyJzdWIiOiJ1ZGF5MTIzNCIsImlhdCI6MTczOTIyNjAzMiwiZXhwIjoxNzM5MjI5NjMyfQ.3h7e9RGmCwxxEXGi9FR6O56nD0R2q_KuCepBaUckY6I",
    "type": "Bearer",
    "id": 1,
    "username": "uday1234",
    "email": "disha1234@gmail.com",
    "roles": [
        "ROLE_USER"
    ]
}
eyJhbGciOiJIUzI1NiJ9.eyJzdWIiOiJ1ZGF5MTIzNCIsImlhdCI6MTczOTIyNjAzMiwiZXhwIjoxNzM5MjI5NjMyfQ.3h7e9RGmCwxxEXGi9FR6O56nD0R2q_KuCepBaUckY6I
disha1234@gmail.com
uday1234
]]></system-out>
    <system-err><![CDATA[SLF4J: Failed to load class "org.slf4j.impl.StaticLoggerBinder".
SLF4J: Defaulting to no-operation (NOP) logger implementation
SLF4J: See http://www.slf4j.org/codes.html#StaticLoggerBinder for further details.
]]></system-err>
  </testcase>
</testsuite>